./docs\100.pdf 5500
./docs\102.pdf 4267
./docs\103.pdf 1015
./docs\104.pdf 3207
./docs\105.pdf 3085
./docs\106.pdf 7891
./docs\108.pdf 678
./docs\110.html 22155
./docs\112.pdf 11015
./docs\113.html 3387
./docs\114.pdf 5719
./docs\116.html 6961
./docs\118.html 15357
./docs\119.html 7019
./docs\12.pdf 5174
./docs\120.html 7688
./docs\121.html 1375
./docs\122.html 927
./docs\123.html 4339
./docs\124.html 1497
ERR. NOT A RECOGNIZED FILETYPE: ./docs\129.html, inode/x-empty.
./docs\130.html 2363
./docs\132.html 1048
./docs\134.html 687
./docs\135.html 1595
./docs\136.html 1092
./docs\137.html 4045
./docs\138.html 4045
./docs\139.html 10028
./docs\14.pdf 5112
./docs\140.html 6915
./docs\141.html 10478
./docs\142.html 9153
./docs\143.html 18671
./docs\144.html 10517
./docs\145.html 5777
./docs\146.html 6188
./docs\15.pdf 3548
./docs\158.html 9315
./docs\159.html 443
./docs\16.pdf 3548
./docs\160.html 638
./docs\161.html 413
./docs\162.html 6920
./docs\164.html 1720
./docs\167.html 606
./docs\168.pdf 11332
./docs\17.pdf 2899
./docs\171.html 1808
./docs\172.pdf 4126
./docs\174.html 11664
./docs\175.html 831
./docs\179.html 1779
./docs\180.pdf 1814
./docs\181.pdf 2884
./docs\190.pdf 6271
./docs\191.pdf 3403
./docs\205.pdf 3932
./docs\207.pdf 2778
./docs\208.html 895
./docs\209.pdf 6870
./docs\21.pdf 2727
./docs\213.html 2897
./docs\214.pdf 4888
./docs\217.pdf 2713
./docs\219.html 1752
./docs\221.html 1745
./docs\224.html 4760
./docs\225.html 4760
ERR. NOT A RECOGNIZED FILETYPE: ./docs\226.html, text/plain.
./docs\229.pdf 3491
./docs\23.pdf 3405
./docs\230.html 3392
./docs\231.pdf 5309
./docs\233.html 6221
./docs\236.html 5973
./docs\237.pdf 2929
./docs\238.pdf 6130
./docs\239.pdf 10007
./docs\24.pdf 678
./docs\240.pdf 8669
./docs\241.pdf 9554
./docs\242.html 6065
./docs\243.pdf 11392
./docs\244.pdf 11392
./docs\247.pdf 6624
./docs\248.html 6696
./docs\249.pdf 749
./docs\25.pdf 6404
./docs\250.pdf 3939
./docs\251.pdf 7554
./docs\252.pdf 5098
./docs\253.pdf 871
./docs\256.html 1857
./docs\257.pdf 3291
./docs\258.pdf 4420
./docs\259.pdf 7101
./docs\26.pdf 8642
./docs\260.pdf 1282
./docs\261.pdf 14681
./docs\262.pdf 11150
./docs\263.pdf 2377
./docs\264.pdf 11939
./docs\265.pdf 7630
./docs\266.pdf 2840
./docs\267.pdf 2491
./docs\268.pdf 6265
./docs\269.pdf 2207
./docs\27.pdf 113
./docs\270.pdf 6004
./docs\271.pdf 8378
./docs\272.pdf 5443
./docs\275.pdf 9365
./docs\276.pdf 4058
./docs\277.pdf 2261
./docs\278.pdf 2388
./docs\279.pdf 4580
./docs\28.pdf 12504
./docs\280.pdf 2982
./docs\281.pdf 8598
./docs\282.pdf 7048
./docs\283.pdf 4571
./docs\285.pdf 1948
./docs\286.pdf 7935
./docs\288.pdf 2486
./docs\289.pdf 6781
./docs\291.pdf 3619
./docs\295.pdf 9820
./docs\296.pdf 4580
./docs\298.pdf 7637
./docs\299.html 1037
./docs\30.pdf 3547
./docs\300.html 5148
./docs\301.pdf 9064
./docs\304.pdf 5663
./docs\309.html 2028
./docs\311.html 1670
./docs\313.pdf 1942
./docs\316.pdf 1090
./docs\319.pdf 2378
./docs\32.pdf 3012
./docs\320.pdf 805
./docs\321.pdf 7891
./docs\322.pdf 7345
./docs\323.html 305
./docs\324.pdf 2992
./docs\325.pdf 8370
./docs\326.pdf 3395
./docs\327.pdf 5564
./docs\328.pdf 8663
./docs\329.pdf 7083
./docs\33.pdf 4324
./docs\330.pdf 4402
./docs\331.pdf 8273
./docs\333.pdf 5483
./docs\334.pdf 1169
./docs\336.pdf 376
./docs\339.pdf 765
./docs\34.pdf 3139
./docs\340.pdf 5605
./docs\343.pdf 3589
./docs\344.pdf 1607
./docs\345.pdf 3808
./docs\349.pdf 1040
./docs\35.pdf 6007
./docs\352.pdf 5441
./docs\353.pdf 5920
./docs\354.pdf 4588
./docs\356.pdf 3765
./docs\357.pdf 1218
./docs\359.pdf 1544
./docs\360.pdf 1303
./docs\362.pdf 12085
./docs\363.pdf 2894
./docs\364.pdf 9884
./docs\367.pdf 4686
./docs\37.pdf 2889
./docs\370.pdf 2674
./docs\371.html 2689
./docs\373.pdf 1657
./docs\38.pdf 11948
./docs\384.pdf 5407
./docs\385.pdf 7380
./docs\387.pdf 1637
./docs\388.pdf 7074
./docs\391.pdf 1509
./docs\392.pdf 1018
./docs\393.pdf 3203
./docs\394.pdf 2676
./docs\396.pdf 1716
./docs\397.pdf 173
./docs\398.pdf 542
./docs\40.pdf 2761
./docs\400.pdf 14723
./docs\401.pdf 1373
./docs\402.pdf 1292
./docs\403.pdf 1677
./docs\404.pdf 3306
./docs\405.pdf 5836
./docs\406.pdf 5261
./docs\407.pdf 810
./docs\410.pdf 757
./docs\412.pdf 3517
./docs\414.pdf 996
./docs\42.html 542
./docs\420.html 7885
./docs\422.html 7937
./docs\423.pdf 3433
./docs\429.pdf 2952
./docs\43.pdf 5607
./docs\430.pdf 816
./docs\432.pdf 1992
./docs\435.pdf 3932
./docs\436.html 1797
./docs\439.pdf 1091
./docs\440.pdf 5639
./docs\444.pdf 1226
ERR. NOT A RECOGNIZED FILETYPE: ./docs\447.html, application/vnd.openxmlformats-officedocument.wordprocessingml.document.
./docs\449.pdf 4548
./docs\450.pdf 514
./docs\456.pdf 2573
./docs\457.pdf 4864
./docs\46.pdf 8190
./docs\461.pdf 3178
./docs\464.pdf 428
./docs\466.pdf 5072
./docs\467.pdf 5437
./docs\468.pdf 11952
./docs\469.pdf 1130
./docs\47.pdf 453
./docs\470.pdf 15380
./docs\471.pdf 15776
./docs\474.pdf 5005
./docs\475.pdf 3194
./docs\476.pdf 5050
./docs\477.html 8661
./docs\478.pdf 4211
./docs\479.pdf 9221
./docs\48.html 3123
./docs\484.pdf 5663
./docs\485.pdf 5484
./docs\486.pdf 5484
./docs\488.pdf 555
./docs\489.pdf 4704
./docs\492.pdf 3508
./docs\497.pdf 19465
./docs\498.html 1
./docs\5.pdf 2084
./docs\50.pdf 256
./docs\500.pdf 6162
./docs\505.html 5640
./docs\506.html 8065
./docs\507.pdf 4809
./docs\508.html 5276
./docs\51.pdf 280
./docs\510.html 3037
./docs\511.html 4823
./docs\512.html 3906
./docs\513.html 4317
./docs\517.html 7020
./docs\52.pdf 297
./docs\521.html 4909
./docs\523.pdf 2202
./docs\528.pdf 2503
./docs\53.pdf 428
./docs\532.pdf 3675
./docs\533.pdf 2296
./docs\539.html 4001
./docs\540.pdf 1642
./docs\544.html 2812
./docs\545.pdf 2812
./docs\55.pdf 433
./docs\551.pdf 1071
./docs\553.pdf 2377
./docs\556.pdf 517
./docs\557.pdf 3216
./docs\559.pdf 2991
./docs\560.pdf 3448
./docs\561.pdf 799
./docs\562.pdf 280
./docs\57.pdf 8251
./docs\575.pdf 1955
./docs\576.html 1955
./docs\579.pdf 5318
./docs\580.pdf 4500
./docs\581.pdf 2281
./docs\584.pdf 16235
./docs\587.pdf 413
./docs\589.html 10346
./docs\59.html 4764
./docs\590.pdf 3096
./docs\591.pdf 2248
./docs\593.html 5078
./docs\596.pdf 446
./docs\597.pdf 423
./docs\602.pdf 1373
./docs\604.html 11098
./docs\605.pdf 9601
./docs\606.pdf 4468
./docs\608.pdf 4102
./docs\61.pdf 1942
./docs\610.pdf 1884
./docs\612.pdf 3545
./docs\614.pdf 2225
./docs\615.pdf 1973
./docs\617.pdf 5583
./docs\618.pdf 1520
./docs\619.pdf 1693
./docs\62.pdf 6813
./docs\622.pdf 1844
./docs\626.pdf 1056
./docs\627.pdf 3760
./docs\629.pdf 3467
./docs\632.pdf 249
./docs\633.pdf 7785
./docs\634.pdf 7785
./docs\635.pdf 8039
./docs\636.html 8039
./docs\637.pdf 6219
./docs\638.pdf 25195
./docs\639.pdf 2862
./docs\64.pdf 3090
./docs\640.pdf 28
./docs\641.pdf 4866
./docs\653.pdf 5639
./docs\654.pdf 2599
ERR. NOT A RECOGNIZED FILETYPE: ./docs\657.html, application/vnd.openxmlformats-officedocument.wordprocessingml.document.
./docs\658.pdf 3849
./docs\660.pdf 4321
./docs\67.pdf 1097
./docs\678.pdf 3471
./docs\679.pdf 5588
./docs\68.pdf 1690
./docs\680.pdf 7306
./docs\682.pdf 4079
./docs\683.pdf 1706
./docs\686.pdf 1409
./docs\687.html 1409
./docs\689.pdf 10647
./docs\69.pdf 7824
./docs\690.pdf 3491
./docs\691.pdf 2790
./docs\693.pdf 1906
./docs\697.pdf 3016
./docs\698.pdf 3016
./docs\699.pdf 12055
./docs\701.pdf 11697
./docs\702.pdf 1811
./docs\704.pdf 24433
./docs\707.pdf 1180
./docs\711.pdf 663
./docs\713.pdf 3694
./docs\715.pdf 1998
./docs\716.pdf 126
./docs\718.pdf 1263
./docs\719.pdf 1263
./docs\72.pdf 8923
./docs\720.pdf 1263
./docs\721.pdf 1263
./docs\722.pdf 1263
./docs\723.pdf 1263
./docs\724.pdf 2082
./docs\727.html 11004
./docs\728.pdf 6598
./docs\729.html 11004
./docs\73.pdf 4670
./docs\74.pdf 9390
./docs\76.pdf 4351
./docs\77.pdf 1796
./docs\79.pdf 1733
./docs\80.pdf 346
./docs\85.pdf 8945
./docs\87.pdf 10595
./docs\88.pdf 3403
./docs\89.html 1363
./docs\9.pdf 4005
./docs\90.html 1990
./docs\91.pdf 5504
./docs\94.pdf 1721
./docs\96.pdf 2965
./docs\97.pdf 2059
./docs\98.pdf 279
