C:\Users\Utilisateur\Desktop\Code\Projects\IA717_ClusteringSummary\tp_nlp\src\code\CreateCorpus\..\..\docfile\docs\100.pdf 5500
C:\Users\Utilisateur\Desktop\Code\Projects\IA717_ClusteringSummary\tp_nlp\src\code\CreateCorpus\..\..\docfile\docs\102.pdf 4267
C:\Users\Utilisateur\Desktop\Code\Projects\IA717_ClusteringSummary\tp_nlp\src\code\CreateCorpus\..\..\docfile\docs\103.pdf 1015
C:\Users\Utilisateur\Desktop\Code\Projects\IA717_ClusteringSummary\tp_nlp\src\code\CreateCorpus\..\..\docfile\docs\104.pdf 3207
C:\Users\Utilisateur\Desktop\Code\Projects\IA717_ClusteringSummary\tp_nlp\src\code\CreateCorpus\..\..\docfile\docs\105.pdf 3085
C:\Users\Utilisateur\Desktop\Code\Projects\IA717_ClusteringSummary\tp_nlp\src\code\CreateCorpus\..\..\docfile\docs\106.pdf 7891
C:\Users\Utilisateur\Desktop\Code\Projects\IA717_ClusteringSummary\tp_nlp\src\code\CreateCorpus\..\..\docfile\docs\108.pdf 678
C:\Users\Utilisateur\Desktop\Code\Projects\IA717_ClusteringSummary\tp_nlp\src\code\CreateCorpus\..\..\docfile\docs\110.html 22155
C:\Users\Utilisateur\Desktop\Code\Projects\IA717_ClusteringSummary\tp_nlp\src\code\CreateCorpus\..\..\docfile\docs\112.pdf 11015
C:\Users\Utilisateur\Desktop\Code\Projects\IA717_ClusteringSummary\tp_nlp\src\code\CreateCorpus\..\..\docfile\docs\113.html 3387
C:\Users\Utilisateur\Desktop\Code\Projects\IA717_ClusteringSummary\tp_nlp\src\code\CreateCorpus\..\..\docfile\docs\114.pdf 5719
C:\Users\Utilisateur\Desktop\Code\Projects\IA717_ClusteringSummary\tp_nlp\src\code\CreateCorpus\..\..\docfile\docs\116.html 6961
C:\Users\Utilisateur\Desktop\Code\Projects\IA717_ClusteringSummary\tp_nlp\src\code\CreateCorpus\..\..\docfile\docs\118.html 15357
C:\Users\Utilisateur\Desktop\Code\Projects\IA717_ClusteringSummary\tp_nlp\src\code\CreateCorpus\..\..\docfile\docs\119.html 7019
C:\Users\Utilisateur\Desktop\Code\Projects\IA717_ClusteringSummary\tp_nlp\src\code\CreateCorpus\..\..\docfile\docs\12.pdf 5174
C:\Users\Utilisateur\Desktop\Code\Projects\IA717_ClusteringSummary\tp_nlp\src\code\CreateCorpus\..\..\docfile\docs\120.html 7688
C:\Users\Utilisateur\Desktop\Code\Projects\IA717_ClusteringSummary\tp_nlp\src\code\CreateCorpus\..\..\docfile\docs\121.html 1375
C:\Users\Utilisateur\Desktop\Code\Projects\IA717_ClusteringSummary\tp_nlp\src\code\CreateCorpus\..\..\docfile\docs\122.html 927
C:\Users\Utilisateur\Desktop\Code\Projects\IA717_ClusteringSummary\tp_nlp\src\code\CreateCorpus\..\..\docfile\docs\123.html 4339
C:\Users\Utilisateur\Desktop\Code\Projects\IA717_ClusteringSummary\tp_nlp\src\code\CreateCorpus\..\..\docfile\docs\124.html 1497
ERR. NOT A RECOGNIZED FILETYPE: C:\Users\Utilisateur\Desktop\Code\Projects\IA717_ClusteringSummary\tp_nlp\src\code\CreateCorpus\..\..\docfile\docs\129.html, inode/x-empty.
C:\Users\Utilisateur\Desktop\Code\Projects\IA717_ClusteringSummary\tp_nlp\src\code\CreateCorpus\..\..\docfile\docs\130.html 2363
C:\Users\Utilisateur\Desktop\Code\Projects\IA717_ClusteringSummary\tp_nlp\src\code\CreateCorpus\..\..\docfile\docs\132.html 1048
C:\Users\Utilisateur\Desktop\Code\Projects\IA717_ClusteringSummary\tp_nlp\src\code\CreateCorpus\..\..\docfile\docs\134.html 687
C:\Users\Utilisateur\Desktop\Code\Projects\IA717_ClusteringSummary\tp_nlp\src\code\CreateCorpus\..\..\docfile\docs\135.html 1595
C:\Users\Utilisateur\Desktop\Code\Projects\IA717_ClusteringSummary\tp_nlp\src\code\CreateCorpus\..\..\docfile\docs\136.html 1092
C:\Users\Utilisateur\Desktop\Code\Projects\IA717_ClusteringSummary\tp_nlp\src\code\CreateCorpus\..\..\docfile\docs\137.html 4045
C:\Users\Utilisateur\Desktop\Code\Projects\IA717_ClusteringSummary\tp_nlp\src\code\CreateCorpus\..\..\docfile\docs\138.html 4045
C:\Users\Utilisateur\Desktop\Code\Projects\IA717_ClusteringSummary\tp_nlp\src\code\CreateCorpus\..\..\docfile\docs\139.html 10028
C:\Users\Utilisateur\Desktop\Code\Projects\IA717_ClusteringSummary\tp_nlp\src\code\CreateCorpus\..\..\docfile\docs\14.pdf 5112
C:\Users\Utilisateur\Desktop\Code\Projects\IA717_ClusteringSummary\tp_nlp\src\code\CreateCorpus\..\..\docfile\docs\140.html 6915
C:\Users\Utilisateur\Desktop\Code\Projects\IA717_ClusteringSummary\tp_nlp\src\code\CreateCorpus\..\..\docfile\docs\141.html 10478
C:\Users\Utilisateur\Desktop\Code\Projects\IA717_ClusteringSummary\tp_nlp\src\code\CreateCorpus\..\..\docfile\docs\142.html 9153
C:\Users\Utilisateur\Desktop\Code\Projects\IA717_ClusteringSummary\tp_nlp\src\code\CreateCorpus\..\..\docfile\docs\143.html 18671
C:\Users\Utilisateur\Desktop\Code\Projects\IA717_ClusteringSummary\tp_nlp\src\code\CreateCorpus\..\..\docfile\docs\144.html 10517
C:\Users\Utilisateur\Desktop\Code\Projects\IA717_ClusteringSummary\tp_nlp\src\code\CreateCorpus\..\..\docfile\docs\145.html 5777
C:\Users\Utilisateur\Desktop\Code\Projects\IA717_ClusteringSummary\tp_nlp\src\code\CreateCorpus\..\..\docfile\docs\146.html 6188
C:\Users\Utilisateur\Desktop\Code\Projects\IA717_ClusteringSummary\tp_nlp\src\code\CreateCorpus\..\..\docfile\docs\15.pdf 3548
C:\Users\Utilisateur\Desktop\Code\Projects\IA717_ClusteringSummary\tp_nlp\src\code\CreateCorpus\..\..\docfile\docs\158.html 9315
C:\Users\Utilisateur\Desktop\Code\Projects\IA717_ClusteringSummary\tp_nlp\src\code\CreateCorpus\..\..\docfile\docs\159.html 443
C:\Users\Utilisateur\Desktop\Code\Projects\IA717_ClusteringSummary\tp_nlp\src\code\CreateCorpus\..\..\docfile\docs\16.pdf 3548
C:\Users\Utilisateur\Desktop\Code\Projects\IA717_ClusteringSummary\tp_nlp\src\code\CreateCorpus\..\..\docfile\docs\160.html 638
C:\Users\Utilisateur\Desktop\Code\Projects\IA717_ClusteringSummary\tp_nlp\src\code\CreateCorpus\..\..\docfile\docs\161.html 413
C:\Users\Utilisateur\Desktop\Code\Projects\IA717_ClusteringSummary\tp_nlp\src\code\CreateCorpus\..\..\docfile\docs\162.html 6920
C:\Users\Utilisateur\Desktop\Code\Projects\IA717_ClusteringSummary\tp_nlp\src\code\CreateCorpus\..\..\docfile\docs\164.html 1720
C:\Users\Utilisateur\Desktop\Code\Projects\IA717_ClusteringSummary\tp_nlp\src\code\CreateCorpus\..\..\docfile\docs\167.html 606
C:\Users\Utilisateur\Desktop\Code\Projects\IA717_ClusteringSummary\tp_nlp\src\code\CreateCorpus\..\..\docfile\docs\168.pdf 11332
C:\Users\Utilisateur\Desktop\Code\Projects\IA717_ClusteringSummary\tp_nlp\src\code\CreateCorpus\..\..\docfile\docs\17.pdf 2899
C:\Users\Utilisateur\Desktop\Code\Projects\IA717_ClusteringSummary\tp_nlp\src\code\CreateCorpus\..\..\docfile\docs\171.html 1808
C:\Users\Utilisateur\Desktop\Code\Projects\IA717_ClusteringSummary\tp_nlp\src\code\CreateCorpus\..\..\docfile\docs\172.pdf 4126
C:\Users\Utilisateur\Desktop\Code\Projects\IA717_ClusteringSummary\tp_nlp\src\code\CreateCorpus\..\..\docfile\docs\174.html 11664
C:\Users\Utilisateur\Desktop\Code\Projects\IA717_ClusteringSummary\tp_nlp\src\code\CreateCorpus\..\..\docfile\docs\175.html 831
C:\Users\Utilisateur\Desktop\Code\Projects\IA717_ClusteringSummary\tp_nlp\src\code\CreateCorpus\..\..\docfile\docs\179.html 1779
C:\Users\Utilisateur\Desktop\Code\Projects\IA717_ClusteringSummary\tp_nlp\src\code\CreateCorpus\..\..\docfile\docs\180.pdf 1814
C:\Users\Utilisateur\Desktop\Code\Projects\IA717_ClusteringSummary\tp_nlp\src\code\CreateCorpus\..\..\docfile\docs\181.pdf 2884
C:\Users\Utilisateur\Desktop\Code\Projects\IA717_ClusteringSummary\tp_nlp\src\code\CreateCorpus\..\..\docfile\docs\190.pdf 6271
C:\Users\Utilisateur\Desktop\Code\Projects\IA717_ClusteringSummary\tp_nlp\src\code\CreateCorpus\..\..\docfile\docs\191.pdf 3403
C:\Users\Utilisateur\Desktop\Code\Projects\IA717_ClusteringSummary\tp_nlp\src\code\CreateCorpus\..\..\docfile\docs\205.pdf 3932
C:\Users\Utilisateur\Desktop\Code\Projects\IA717_ClusteringSummary\tp_nlp\src\code\CreateCorpus\..\..\docfile\docs\207.pdf 2778
C:\Users\Utilisateur\Desktop\Code\Projects\IA717_ClusteringSummary\tp_nlp\src\code\CreateCorpus\..\..\docfile\docs\208.html 895
C:\Users\Utilisateur\Desktop\Code\Projects\IA717_ClusteringSummary\tp_nlp\src\code\CreateCorpus\..\..\docfile\docs\209.pdf 6870
C:\Users\Utilisateur\Desktop\Code\Projects\IA717_ClusteringSummary\tp_nlp\src\code\CreateCorpus\..\..\docfile\docs\21.pdf 2727
C:\Users\Utilisateur\Desktop\Code\Projects\IA717_ClusteringSummary\tp_nlp\src\code\CreateCorpus\..\..\docfile\docs\213.html 2897
C:\Users\Utilisateur\Desktop\Code\Projects\IA717_ClusteringSummary\tp_nlp\src\code\CreateCorpus\..\..\docfile\docs\214.pdf 4888
C:\Users\Utilisateur\Desktop\Code\Projects\IA717_ClusteringSummary\tp_nlp\src\code\CreateCorpus\..\..\docfile\docs\217.pdf 2713
C:\Users\Utilisateur\Desktop\Code\Projects\IA717_ClusteringSummary\tp_nlp\src\code\CreateCorpus\..\..\docfile\docs\219.html 1752
C:\Users\Utilisateur\Desktop\Code\Projects\IA717_ClusteringSummary\tp_nlp\src\code\CreateCorpus\..\..\docfile\docs\221.html 1745
C:\Users\Utilisateur\Desktop\Code\Projects\IA717_ClusteringSummary\tp_nlp\src\code\CreateCorpus\..\..\docfile\docs\224.html 4760
ERR. NOT A RECOGNIZED FILETYPE: C:\Users\Utilisateur\Desktop\Code\Projects\IA717_ClusteringSummary\tp_nlp\src\code\CreateCorpus\..\..\docfile\docs\226.html, text/plain.
C:\Users\Utilisateur\Desktop\Code\Projects\IA717_ClusteringSummary\tp_nlp\src\code\CreateCorpus\..\..\docfile\docs\229.pdf 3491
C:\Users\Utilisateur\Desktop\Code\Projects\IA717_ClusteringSummary\tp_nlp\src\code\CreateCorpus\..\..\docfile\docs\23.pdf 3405
C:\Users\Utilisateur\Desktop\Code\Projects\IA717_ClusteringSummary\tp_nlp\src\code\CreateCorpus\..\..\docfile\docs\230.html 3392
C:\Users\Utilisateur\Desktop\Code\Projects\IA717_ClusteringSummary\tp_nlp\src\code\CreateCorpus\..\..\docfile\docs\231.pdf 5309
C:\Users\Utilisateur\Desktop\Code\Projects\IA717_ClusteringSummary\tp_nlp\src\code\CreateCorpus\..\..\docfile\docs\233.html 6221
C:\Users\Utilisateur\Desktop\Code\Projects\IA717_ClusteringSummary\tp_nlp\src\code\CreateCorpus\..\..\docfile\docs\236.html 5973
C:\Users\Utilisateur\Desktop\Code\Projects\IA717_ClusteringSummary\tp_nlp\src\code\CreateCorpus\..\..\docfile\docs\237.pdf 2929
C:\Users\Utilisateur\Desktop\Code\Projects\IA717_ClusteringSummary\tp_nlp\src\code\CreateCorpus\..\..\docfile\docs\238.pdf 6130
C:\Users\Utilisateur\Desktop\Code\Projects\IA717_ClusteringSummary\tp_nlp\src\code\CreateCorpus\..\..\docfile\docs\239.pdf 10007
C:\Users\Utilisateur\Desktop\Code\Projects\IA717_ClusteringSummary\tp_nlp\src\code\CreateCorpus\..\..\docfile\docs\24.pdf 678
C:\Users\Utilisateur\Desktop\Code\Projects\IA717_ClusteringSummary\tp_nlp\src\code\CreateCorpus\..\..\docfile\docs\240.pdf 8669
C:\Users\Utilisateur\Desktop\Code\Projects\IA717_ClusteringSummary\tp_nlp\src\code\CreateCorpus\..\..\docfile\docs\241.pdf 9554
C:\Users\Utilisateur\Desktop\Code\Projects\IA717_ClusteringSummary\tp_nlp\src\code\CreateCorpus\..\..\docfile\docs\242.html 6065
C:\Users\Utilisateur\Desktop\Code\Projects\IA717_ClusteringSummary\tp_nlp\src\code\CreateCorpus\..\..\docfile\docs\243.pdf 11392
C:\Users\Utilisateur\Desktop\Code\Projects\IA717_ClusteringSummary\tp_nlp\src\code\CreateCorpus\..\..\docfile\docs\244.pdf 11392
C:\Users\Utilisateur\Desktop\Code\Projects\IA717_ClusteringSummary\tp_nlp\src\code\CreateCorpus\..\..\docfile\docs\247.pdf 6624
C:\Users\Utilisateur\Desktop\Code\Projects\IA717_ClusteringSummary\tp_nlp\src\code\CreateCorpus\..\..\docfile\docs\248.html 6696
C:\Users\Utilisateur\Desktop\Code\Projects\IA717_ClusteringSummary\tp_nlp\src\code\CreateCorpus\..\..\docfile\docs\249.pdf 749
C:\Users\Utilisateur\Desktop\Code\Projects\IA717_ClusteringSummary\tp_nlp\src\code\CreateCorpus\..\..\docfile\docs\25.pdf 6404
C:\Users\Utilisateur\Desktop\Code\Projects\IA717_ClusteringSummary\tp_nlp\src\code\CreateCorpus\..\..\docfile\docs\250.pdf 3939
C:\Users\Utilisateur\Desktop\Code\Projects\IA717_ClusteringSummary\tp_nlp\src\code\CreateCorpus\..\..\docfile\docs\251.pdf 7554
C:\Users\Utilisateur\Desktop\Code\Projects\IA717_ClusteringSummary\tp_nlp\src\code\CreateCorpus\..\..\docfile\docs\252.pdf 5098
C:\Users\Utilisateur\Desktop\Code\Projects\IA717_ClusteringSummary\tp_nlp\src\code\CreateCorpus\..\..\docfile\docs\253.pdf 871
C:\Users\Utilisateur\Desktop\Code\Projects\IA717_ClusteringSummary\tp_nlp\src\code\CreateCorpus\..\..\docfile\docs\256.html 1857
C:\Users\Utilisateur\Desktop\Code\Projects\IA717_ClusteringSummary\tp_nlp\src\code\CreateCorpus\..\..\docfile\docs\257.pdf 3291
C:\Users\Utilisateur\Desktop\Code\Projects\IA717_ClusteringSummary\tp_nlp\src\code\CreateCorpus\..\..\docfile\docs\258.pdf 4420
C:\Users\Utilisateur\Desktop\Code\Projects\IA717_ClusteringSummary\tp_nlp\src\code\CreateCorpus\..\..\docfile\docs\259.pdf 7101
C:\Users\Utilisateur\Desktop\Code\Projects\IA717_ClusteringSummary\tp_nlp\src\code\CreateCorpus\..\..\docfile\docs\26.pdf 8642
C:\Users\Utilisateur\Desktop\Code\Projects\IA717_ClusteringSummary\tp_nlp\src\code\CreateCorpus\..\..\docfile\docs\260.pdf 1282
C:\Users\Utilisateur\Desktop\Code\Projects\IA717_ClusteringSummary\tp_nlp\src\code\CreateCorpus\..\..\docfile\docs\261.pdf 14681
C:\Users\Utilisateur\Desktop\Code\Projects\IA717_ClusteringSummary\tp_nlp\src\code\CreateCorpus\..\..\docfile\docs\262.pdf 11150
C:\Users\Utilisateur\Desktop\Code\Projects\IA717_ClusteringSummary\tp_nlp\src\code\CreateCorpus\..\..\docfile\docs\263.pdf 2377
C:\Users\Utilisateur\Desktop\Code\Projects\IA717_ClusteringSummary\tp_nlp\src\code\CreateCorpus\..\..\docfile\docs\264.pdf 11939
C:\Users\Utilisateur\Desktop\Code\Projects\IA717_ClusteringSummary\tp_nlp\src\code\CreateCorpus\..\..\docfile\docs\265.pdf 7630
C:\Users\Utilisateur\Desktop\Code\Projects\IA717_ClusteringSummary\tp_nlp\src\code\CreateCorpus\..\..\docfile\docs\266.pdf 2840
C:\Users\Utilisateur\Desktop\Code\Projects\IA717_ClusteringSummary\tp_nlp\src\code\CreateCorpus\..\..\docfile\docs\267.pdf 2491
C:\Users\Utilisateur\Desktop\Code\Projects\IA717_ClusteringSummary\tp_nlp\src\code\CreateCorpus\..\..\docfile\docs\268.pdf 6265
C:\Users\Utilisateur\Desktop\Code\Projects\IA717_ClusteringSummary\tp_nlp\src\code\CreateCorpus\..\..\docfile\docs\269.pdf 2207
C:\Users\Utilisateur\Desktop\Code\Projects\IA717_ClusteringSummary\tp_nlp\src\code\CreateCorpus\..\..\docfile\docs\27.pdf 113
C:\Users\Utilisateur\Desktop\Code\Projects\IA717_ClusteringSummary\tp_nlp\src\code\CreateCorpus\..\..\docfile\docs\270.pdf 6004
C:\Users\Utilisateur\Desktop\Code\Projects\IA717_ClusteringSummary\tp_nlp\src\code\CreateCorpus\..\..\docfile\docs\271.pdf 8378
C:\Users\Utilisateur\Desktop\Code\Projects\IA717_ClusteringSummary\tp_nlp\src\code\CreateCorpus\..\..\docfile\docs\272.pdf 5443
C:\Users\Utilisateur\Desktop\Code\Projects\IA717_ClusteringSummary\tp_nlp\src\code\CreateCorpus\..\..\docfile\docs\275.pdf 9365
C:\Users\Utilisateur\Desktop\Code\Projects\IA717_ClusteringSummary\tp_nlp\src\code\CreateCorpus\..\..\docfile\docs\276.pdf 4058
C:\Users\Utilisateur\Desktop\Code\Projects\IA717_ClusteringSummary\tp_nlp\src\code\CreateCorpus\..\..\docfile\docs\277.pdf 2261
C:\Users\Utilisateur\Desktop\Code\Projects\IA717_ClusteringSummary\tp_nlp\src\code\CreateCorpus\..\..\docfile\docs\278.pdf 2388
C:\Users\Utilisateur\Desktop\Code\Projects\IA717_ClusteringSummary\tp_nlp\src\code\CreateCorpus\..\..\docfile\docs\279.pdf 4580
C:\Users\Utilisateur\Desktop\Code\Projects\IA717_ClusteringSummary\tp_nlp\src\code\CreateCorpus\..\..\docfile\docs\28.pdf 12504
C:\Users\Utilisateur\Desktop\Code\Projects\IA717_ClusteringSummary\tp_nlp\src\code\CreateCorpus\..\..\docfile\docs\280.pdf 2982
C:\Users\Utilisateur\Desktop\Code\Projects\IA717_ClusteringSummary\tp_nlp\src\code\CreateCorpus\..\..\docfile\docs\281.pdf 8598
C:\Users\Utilisateur\Desktop\Code\Projects\IA717_ClusteringSummary\tp_nlp\src\code\CreateCorpus\..\..\docfile\docs\282.pdf 7048
C:\Users\Utilisateur\Desktop\Code\Projects\IA717_ClusteringSummary\tp_nlp\src\code\CreateCorpus\..\..\docfile\docs\283.pdf 4571
C:\Users\Utilisateur\Desktop\Code\Projects\IA717_ClusteringSummary\tp_nlp\src\code\CreateCorpus\..\..\docfile\docs\285.pdf 1948
C:\Users\Utilisateur\Desktop\Code\Projects\IA717_ClusteringSummary\tp_nlp\src\code\CreateCorpus\..\..\docfile\docs\286.pdf 7935
C:\Users\Utilisateur\Desktop\Code\Projects\IA717_ClusteringSummary\tp_nlp\src\code\CreateCorpus\..\..\docfile\docs\288.pdf 2486
C:\Users\Utilisateur\Desktop\Code\Projects\IA717_ClusteringSummary\tp_nlp\src\code\CreateCorpus\..\..\docfile\docs\289.pdf 6781
C:\Users\Utilisateur\Desktop\Code\Projects\IA717_ClusteringSummary\tp_nlp\src\code\CreateCorpus\..\..\docfile\docs\291.pdf 3619
C:\Users\Utilisateur\Desktop\Code\Projects\IA717_ClusteringSummary\tp_nlp\src\code\CreateCorpus\..\..\docfile\docs\295.pdf 9820
C:\Users\Utilisateur\Desktop\Code\Projects\IA717_ClusteringSummary\tp_nlp\src\code\CreateCorpus\..\..\docfile\docs\296.pdf 4580
C:\Users\Utilisateur\Desktop\Code\Projects\IA717_ClusteringSummary\tp_nlp\src\code\CreateCorpus\..\..\docfile\docs\298.pdf 7637
C:\Users\Utilisateur\Desktop\Code\Projects\IA717_ClusteringSummary\tp_nlp\src\code\CreateCorpus\..\..\docfile\docs\299.html 1037
C:\Users\Utilisateur\Desktop\Code\Projects\IA717_ClusteringSummary\tp_nlp\src\code\CreateCorpus\..\..\docfile\docs\30.pdf 3547
C:\Users\Utilisateur\Desktop\Code\Projects\IA717_ClusteringSummary\tp_nlp\src\code\CreateCorpus\..\..\docfile\docs\300.html 5148
C:\Users\Utilisateur\Desktop\Code\Projects\IA717_ClusteringSummary\tp_nlp\src\code\CreateCorpus\..\..\docfile\docs\301.pdf 9064
C:\Users\Utilisateur\Desktop\Code\Projects\IA717_ClusteringSummary\tp_nlp\src\code\CreateCorpus\..\..\docfile\docs\304.pdf 5663
C:\Users\Utilisateur\Desktop\Code\Projects\IA717_ClusteringSummary\tp_nlp\src\code\CreateCorpus\..\..\docfile\docs\309.html 2028
C:\Users\Utilisateur\Desktop\Code\Projects\IA717_ClusteringSummary\tp_nlp\src\code\CreateCorpus\..\..\docfile\docs\311.html 1670
C:\Users\Utilisateur\Desktop\Code\Projects\IA717_ClusteringSummary\tp_nlp\src\code\CreateCorpus\..\..\docfile\docs\313.pdf 1942
C:\Users\Utilisateur\Desktop\Code\Projects\IA717_ClusteringSummary\tp_nlp\src\code\CreateCorpus\..\..\docfile\docs\316.pdf 1090
C:\Users\Utilisateur\Desktop\Code\Projects\IA717_ClusteringSummary\tp_nlp\src\code\CreateCorpus\..\..\docfile\docs\319.pdf 2378
C:\Users\Utilisateur\Desktop\Code\Projects\IA717_ClusteringSummary\tp_nlp\src\code\CreateCorpus\..\..\docfile\docs\32.pdf 3012
C:\Users\Utilisateur\Desktop\Code\Projects\IA717_ClusteringSummary\tp_nlp\src\code\CreateCorpus\..\..\docfile\docs\320.pdf 805
C:\Users\Utilisateur\Desktop\Code\Projects\IA717_ClusteringSummary\tp_nlp\src\code\CreateCorpus\..\..\docfile\docs\321.pdf 7891
C:\Users\Utilisateur\Desktop\Code\Projects\IA717_ClusteringSummary\tp_nlp\src\code\CreateCorpus\..\..\docfile\docs\322.pdf 7345
C:\Users\Utilisateur\Desktop\Code\Projects\IA717_ClusteringSummary\tp_nlp\src\code\CreateCorpus\..\..\docfile\docs\323.html 305
C:\Users\Utilisateur\Desktop\Code\Projects\IA717_ClusteringSummary\tp_nlp\src\code\CreateCorpus\..\..\docfile\docs\324.pdf 2992
C:\Users\Utilisateur\Desktop\Code\Projects\IA717_ClusteringSummary\tp_nlp\src\code\CreateCorpus\..\..\docfile\docs\325.pdf 8370
C:\Users\Utilisateur\Desktop\Code\Projects\IA717_ClusteringSummary\tp_nlp\src\code\CreateCorpus\..\..\docfile\docs\326.pdf 3395
C:\Users\Utilisateur\Desktop\Code\Projects\IA717_ClusteringSummary\tp_nlp\src\code\CreateCorpus\..\..\docfile\docs\327.pdf 5564
C:\Users\Utilisateur\Desktop\Code\Projects\IA717_ClusteringSummary\tp_nlp\src\code\CreateCorpus\..\..\docfile\docs\328.pdf 8663
C:\Users\Utilisateur\Desktop\Code\Projects\IA717_ClusteringSummary\tp_nlp\src\code\CreateCorpus\..\..\docfile\docs\329.pdf 7083
C:\Users\Utilisateur\Desktop\Code\Projects\IA717_ClusteringSummary\tp_nlp\src\code\CreateCorpus\..\..\docfile\docs\33.pdf 4324
C:\Users\Utilisateur\Desktop\Code\Projects\IA717_ClusteringSummary\tp_nlp\src\code\CreateCorpus\..\..\docfile\docs\330.pdf 4402
C:\Users\Utilisateur\Desktop\Code\Projects\IA717_ClusteringSummary\tp_nlp\src\code\CreateCorpus\..\..\docfile\docs\331.pdf 8273
C:\Users\Utilisateur\Desktop\Code\Projects\IA717_ClusteringSummary\tp_nlp\src\code\CreateCorpus\..\..\docfile\docs\333.pdf 5483
C:\Users\Utilisateur\Desktop\Code\Projects\IA717_ClusteringSummary\tp_nlp\src\code\CreateCorpus\..\..\docfile\docs\334.pdf 1169
C:\Users\Utilisateur\Desktop\Code\Projects\IA717_ClusteringSummary\tp_nlp\src\code\CreateCorpus\..\..\docfile\docs\335.pdf 1595
C:\Users\Utilisateur\Desktop\Code\Projects\IA717_ClusteringSummary\tp_nlp\src\code\CreateCorpus\..\..\docfile\docs\336.pdf 376
C:\Users\Utilisateur\Desktop\Code\Projects\IA717_ClusteringSummary\tp_nlp\src\code\CreateCorpus\..\..\docfile\docs\339.pdf 765
C:\Users\Utilisateur\Desktop\Code\Projects\IA717_ClusteringSummary\tp_nlp\src\code\CreateCorpus\..\..\docfile\docs\34.pdf 4324
C:\Users\Utilisateur\Desktop\Code\Projects\IA717_ClusteringSummary\tp_nlp\src\code\CreateCorpus\..\..\docfile\docs\340.pdf 5605
C:\Users\Utilisateur\Desktop\Code\Projects\IA717_ClusteringSummary\tp_nlp\src\code\CreateCorpus\..\..\docfile\docs\343.pdf 3589
C:\Users\Utilisateur\Desktop\Code\Projects\IA717_ClusteringSummary\tp_nlp\src\code\CreateCorpus\..\..\docfile\docs\344.pdf 1607
C:\Users\Utilisateur\Desktop\Code\Projects\IA717_ClusteringSummary\tp_nlp\src\code\CreateCorpus\..\..\docfile\docs\345.pdf 3808
C:\Users\Utilisateur\Desktop\Code\Projects\IA717_ClusteringSummary\tp_nlp\src\code\CreateCorpus\..\..\docfile\docs\349.pdf 1040
C:\Users\Utilisateur\Desktop\Code\Projects\IA717_ClusteringSummary\tp_nlp\src\code\CreateCorpus\..\..\docfile\docs\35.pdf 6007
C:\Users\Utilisateur\Desktop\Code\Projects\IA717_ClusteringSummary\tp_nlp\src\code\CreateCorpus\..\..\docfile\docs\352.pdf 5441
C:\Users\Utilisateur\Desktop\Code\Projects\IA717_ClusteringSummary\tp_nlp\src\code\CreateCorpus\..\..\docfile\docs\353.pdf 5920
C:\Users\Utilisateur\Desktop\Code\Projects\IA717_ClusteringSummary\tp_nlp\src\code\CreateCorpus\..\..\docfile\docs\354.pdf 4588
C:\Users\Utilisateur\Desktop\Code\Projects\IA717_ClusteringSummary\tp_nlp\src\code\CreateCorpus\..\..\docfile\docs\356.pdf 3765
C:\Users\Utilisateur\Desktop\Code\Projects\IA717_ClusteringSummary\tp_nlp\src\code\CreateCorpus\..\..\docfile\docs\357.pdf 1218
C:\Users\Utilisateur\Desktop\Code\Projects\IA717_ClusteringSummary\tp_nlp\src\code\CreateCorpus\..\..\docfile\docs\358.pdf 1218
C:\Users\Utilisateur\Desktop\Code\Projects\IA717_ClusteringSummary\tp_nlp\src\code\CreateCorpus\..\..\docfile\docs\359.pdf 1544
C:\Users\Utilisateur\Desktop\Code\Projects\IA717_ClusteringSummary\tp_nlp\src\code\CreateCorpus\..\..\docfile\docs\360.pdf 1303
C:\Users\Utilisateur\Desktop\Code\Projects\IA717_ClusteringSummary\tp_nlp\src\code\CreateCorpus\..\..\docfile\docs\362.pdf 12085
C:\Users\Utilisateur\Desktop\Code\Projects\IA717_ClusteringSummary\tp_nlp\src\code\CreateCorpus\..\..\docfile\docs\363.pdf 2894
C:\Users\Utilisateur\Desktop\Code\Projects\IA717_ClusteringSummary\tp_nlp\src\code\CreateCorpus\..\..\docfile\docs\364.pdf 9884
C:\Users\Utilisateur\Desktop\Code\Projects\IA717_ClusteringSummary\tp_nlp\src\code\CreateCorpus\..\..\docfile\docs\367.pdf 4686
C:\Users\Utilisateur\Desktop\Code\Projects\IA717_ClusteringSummary\tp_nlp\src\code\CreateCorpus\..\..\docfile\docs\37.pdf 2889
C:\Users\Utilisateur\Desktop\Code\Projects\IA717_ClusteringSummary\tp_nlp\src\code\CreateCorpus\..\..\docfile\docs\370.pdf 2674
C:\Users\Utilisateur\Desktop\Code\Projects\IA717_ClusteringSummary\tp_nlp\src\code\CreateCorpus\..\..\docfile\docs\371.html 2674
C:\Users\Utilisateur\Desktop\Code\Projects\IA717_ClusteringSummary\tp_nlp\src\code\CreateCorpus\..\..\docfile\docs\373.pdf 1657
C:\Users\Utilisateur\Desktop\Code\Projects\IA717_ClusteringSummary\tp_nlp\src\code\CreateCorpus\..\..\docfile\docs\38.pdf 11948
C:\Users\Utilisateur\Desktop\Code\Projects\IA717_ClusteringSummary\tp_nlp\src\code\CreateCorpus\..\..\docfile\docs\384.pdf 5407
C:\Users\Utilisateur\Desktop\Code\Projects\IA717_ClusteringSummary\tp_nlp\src\code\CreateCorpus\..\..\docfile\docs\385.pdf 7380
C:\Users\Utilisateur\Desktop\Code\Projects\IA717_ClusteringSummary\tp_nlp\src\code\CreateCorpus\..\..\docfile\docs\387.pdf 1637
C:\Users\Utilisateur\Desktop\Code\Projects\IA717_ClusteringSummary\tp_nlp\src\code\CreateCorpus\..\..\docfile\docs\388.pdf 7074
C:\Users\Utilisateur\Desktop\Code\Projects\IA717_ClusteringSummary\tp_nlp\src\code\CreateCorpus\..\..\docfile\docs\391.pdf 1509
C:\Users\Utilisateur\Desktop\Code\Projects\IA717_ClusteringSummary\tp_nlp\src\code\CreateCorpus\..\..\docfile\docs\392.pdf 1018
C:\Users\Utilisateur\Desktop\Code\Projects\IA717_ClusteringSummary\tp_nlp\src\code\CreateCorpus\..\..\docfile\docs\393.pdf 3203
C:\Users\Utilisateur\Desktop\Code\Projects\IA717_ClusteringSummary\tp_nlp\src\code\CreateCorpus\..\..\docfile\docs\394.pdf 2676
C:\Users\Utilisateur\Desktop\Code\Projects\IA717_ClusteringSummary\tp_nlp\src\code\CreateCorpus\..\..\docfile\docs\396.pdf 1716
C:\Users\Utilisateur\Desktop\Code\Projects\IA717_ClusteringSummary\tp_nlp\src\code\CreateCorpus\..\..\docfile\docs\397.pdf 173
C:\Users\Utilisateur\Desktop\Code\Projects\IA717_ClusteringSummary\tp_nlp\src\code\CreateCorpus\..\..\docfile\docs\398.pdf 542
C:\Users\Utilisateur\Desktop\Code\Projects\IA717_ClusteringSummary\tp_nlp\src\code\CreateCorpus\..\..\docfile\docs\40.pdf 2761
C:\Users\Utilisateur\Desktop\Code\Projects\IA717_ClusteringSummary\tp_nlp\src\code\CreateCorpus\..\..\docfile\docs\400.pdf 14723
C:\Users\Utilisateur\Desktop\Code\Projects\IA717_ClusteringSummary\tp_nlp\src\code\CreateCorpus\..\..\docfile\docs\401.pdf 1373
C:\Users\Utilisateur\Desktop\Code\Projects\IA717_ClusteringSummary\tp_nlp\src\code\CreateCorpus\..\..\docfile\docs\402.pdf 1292
C:\Users\Utilisateur\Desktop\Code\Projects\IA717_ClusteringSummary\tp_nlp\src\code\CreateCorpus\..\..\docfile\docs\403.pdf 1677
C:\Users\Utilisateur\Desktop\Code\Projects\IA717_ClusteringSummary\tp_nlp\src\code\CreateCorpus\..\..\docfile\docs\404.pdf 3306
C:\Users\Utilisateur\Desktop\Code\Projects\IA717_ClusteringSummary\tp_nlp\src\code\CreateCorpus\..\..\docfile\docs\405.pdf 5836
C:\Users\Utilisateur\Desktop\Code\Projects\IA717_ClusteringSummary\tp_nlp\src\code\CreateCorpus\..\..\docfile\docs\406.pdf 5261
C:\Users\Utilisateur\Desktop\Code\Projects\IA717_ClusteringSummary\tp_nlp\src\code\CreateCorpus\..\..\docfile\docs\407.pdf 810
C:\Users\Utilisateur\Desktop\Code\Projects\IA717_ClusteringSummary\tp_nlp\src\code\CreateCorpus\..\..\docfile\docs\410.pdf 757
C:\Users\Utilisateur\Desktop\Code\Projects\IA717_ClusteringSummary\tp_nlp\src\code\CreateCorpus\..\..\docfile\docs\412.pdf 3517
C:\Users\Utilisateur\Desktop\Code\Projects\IA717_ClusteringSummary\tp_nlp\src\code\CreateCorpus\..\..\docfile\docs\414.pdf 996
C:\Users\Utilisateur\Desktop\Code\Projects\IA717_ClusteringSummary\tp_nlp\src\code\CreateCorpus\..\..\docfile\docs\42.html 542
C:\Users\Utilisateur\Desktop\Code\Projects\IA717_ClusteringSummary\tp_nlp\src\code\CreateCorpus\..\..\docfile\docs\420.html 7885
C:\Users\Utilisateur\Desktop\Code\Projects\IA717_ClusteringSummary\tp_nlp\src\code\CreateCorpus\..\..\docfile\docs\423.pdf 3433
C:\Users\Utilisateur\Desktop\Code\Projects\IA717_ClusteringSummary\tp_nlp\src\code\CreateCorpus\..\..\docfile\docs\429.pdf 2952
C:\Users\Utilisateur\Desktop\Code\Projects\IA717_ClusteringSummary\tp_nlp\src\code\CreateCorpus\..\..\docfile\docs\43.pdf 5607
C:\Users\Utilisateur\Desktop\Code\Projects\IA717_ClusteringSummary\tp_nlp\src\code\CreateCorpus\..\..\docfile\docs\430.pdf 816
C:\Users\Utilisateur\Desktop\Code\Projects\IA717_ClusteringSummary\tp_nlp\src\code\CreateCorpus\..\..\docfile\docs\432.pdf 1992
C:\Users\Utilisateur\Desktop\Code\Projects\IA717_ClusteringSummary\tp_nlp\src\code\CreateCorpus\..\..\docfile\docs\435.pdf 3932
C:\Users\Utilisateur\Desktop\Code\Projects\IA717_ClusteringSummary\tp_nlp\src\code\CreateCorpus\..\..\docfile\docs\436.html 1797
C:\Users\Utilisateur\Desktop\Code\Projects\IA717_ClusteringSummary\tp_nlp\src\code\CreateCorpus\..\..\docfile\docs\439.pdf 1091
C:\Users\Utilisateur\Desktop\Code\Projects\IA717_ClusteringSummary\tp_nlp\src\code\CreateCorpus\..\..\docfile\docs\440.pdf 5639
C:\Users\Utilisateur\Desktop\Code\Projects\IA717_ClusteringSummary\tp_nlp\src\code\CreateCorpus\..\..\docfile\docs\444.pdf 1226
ERR. NOT A RECOGNIZED FILETYPE: C:\Users\Utilisateur\Desktop\Code\Projects\IA717_ClusteringSummary\tp_nlp\src\code\CreateCorpus\..\..\docfile\docs\447.html, application/vnd.openxmlformats-officedocument.wordprocessingml.document.
C:\Users\Utilisateur\Desktop\Code\Projects\IA717_ClusteringSummary\tp_nlp\src\code\CreateCorpus\..\..\docfile\docs\449.pdf 4548
C:\Users\Utilisateur\Desktop\Code\Projects\IA717_ClusteringSummary\tp_nlp\src\code\CreateCorpus\..\..\docfile\docs\450.pdf 514
C:\Users\Utilisateur\Desktop\Code\Projects\IA717_ClusteringSummary\tp_nlp\src\code\CreateCorpus\..\..\docfile\docs\456.pdf 2573
C:\Users\Utilisateur\Desktop\Code\Projects\IA717_ClusteringSummary\tp_nlp\src\code\CreateCorpus\..\..\docfile\docs\457.pdf 2573
C:\Users\Utilisateur\Desktop\Code\Projects\IA717_ClusteringSummary\tp_nlp\src\code\CreateCorpus\..\..\docfile\docs\46.pdf 8190
C:\Users\Utilisateur\Desktop\Code\Projects\IA717_ClusteringSummary\tp_nlp\src\code\CreateCorpus\..\..\docfile\docs\461.pdf 3178
C:\Users\Utilisateur\Desktop\Code\Projects\IA717_ClusteringSummary\tp_nlp\src\code\CreateCorpus\..\..\docfile\docs\464.pdf 428
C:\Users\Utilisateur\Desktop\Code\Projects\IA717_ClusteringSummary\tp_nlp\src\code\CreateCorpus\..\..\docfile\docs\466.pdf 5072
C:\Users\Utilisateur\Desktop\Code\Projects\IA717_ClusteringSummary\tp_nlp\src\code\CreateCorpus\..\..\docfile\docs\467.pdf 5437
C:\Users\Utilisateur\Desktop\Code\Projects\IA717_ClusteringSummary\tp_nlp\src\code\CreateCorpus\..\..\docfile\docs\468.pdf 11952
C:\Users\Utilisateur\Desktop\Code\Projects\IA717_ClusteringSummary\tp_nlp\src\code\CreateCorpus\..\..\docfile\docs\469.pdf 1130
C:\Users\Utilisateur\Desktop\Code\Projects\IA717_ClusteringSummary\tp_nlp\src\code\CreateCorpus\..\..\docfile\docs\47.pdf 453
C:\Users\Utilisateur\Desktop\Code\Projects\IA717_ClusteringSummary\tp_nlp\src\code\CreateCorpus\..\..\docfile\docs\470.pdf 15380
C:\Users\Utilisateur\Desktop\Code\Projects\IA717_ClusteringSummary\tp_nlp\src\code\CreateCorpus\..\..\docfile\docs\471.pdf 15776
C:\Users\Utilisateur\Desktop\Code\Projects\IA717_ClusteringSummary\tp_nlp\src\code\CreateCorpus\..\..\docfile\docs\474.pdf 5005
C:\Users\Utilisateur\Desktop\Code\Projects\IA717_ClusteringSummary\tp_nlp\src\code\CreateCorpus\..\..\docfile\docs\475.pdf 3194
C:\Users\Utilisateur\Desktop\Code\Projects\IA717_ClusteringSummary\tp_nlp\src\code\CreateCorpus\..\..\docfile\docs\476.pdf 5050
C:\Users\Utilisateur\Desktop\Code\Projects\IA717_ClusteringSummary\tp_nlp\src\code\CreateCorpus\..\..\docfile\docs\477.html 8661
C:\Users\Utilisateur\Desktop\Code\Projects\IA717_ClusteringSummary\tp_nlp\src\code\CreateCorpus\..\..\docfile\docs\478.pdf 4211
C:\Users\Utilisateur\Desktop\Code\Projects\IA717_ClusteringSummary\tp_nlp\src\code\CreateCorpus\..\..\docfile\docs\479.pdf 9221
C:\Users\Utilisateur\Desktop\Code\Projects\IA717_ClusteringSummary\tp_nlp\src\code\CreateCorpus\..\..\docfile\docs\48.html 3123
C:\Users\Utilisateur\Desktop\Code\Projects\IA717_ClusteringSummary\tp_nlp\src\code\CreateCorpus\..\..\docfile\docs\484.pdf 5663
C:\Users\Utilisateur\Desktop\Code\Projects\IA717_ClusteringSummary\tp_nlp\src\code\CreateCorpus\..\..\docfile\docs\485.pdf 5484
C:\Users\Utilisateur\Desktop\Code\Projects\IA717_ClusteringSummary\tp_nlp\src\code\CreateCorpus\..\..\docfile\docs\486.pdf 5484
C:\Users\Utilisateur\Desktop\Code\Projects\IA717_ClusteringSummary\tp_nlp\src\code\CreateCorpus\..\..\docfile\docs\488.pdf 555
C:\Users\Utilisateur\Desktop\Code\Projects\IA717_ClusteringSummary\tp_nlp\src\code\CreateCorpus\..\..\docfile\docs\489.pdf 4704
C:\Users\Utilisateur\Desktop\Code\Projects\IA717_ClusteringSummary\tp_nlp\src\code\CreateCorpus\..\..\docfile\docs\492.pdf 3508
C:\Users\Utilisateur\Desktop\Code\Projects\IA717_ClusteringSummary\tp_nlp\src\code\CreateCorpus\..\..\docfile\docs\497.pdf 19465
C:\Users\Utilisateur\Desktop\Code\Projects\IA717_ClusteringSummary\tp_nlp\src\code\CreateCorpus\..\..\docfile\docs\498.html 1
C:\Users\Utilisateur\Desktop\Code\Projects\IA717_ClusteringSummary\tp_nlp\src\code\CreateCorpus\..\..\docfile\docs\5.pdf 2084
C:\Users\Utilisateur\Desktop\Code\Projects\IA717_ClusteringSummary\tp_nlp\src\code\CreateCorpus\..\..\docfile\docs\50.pdf 256
C:\Users\Utilisateur\Desktop\Code\Projects\IA717_ClusteringSummary\tp_nlp\src\code\CreateCorpus\..\..\docfile\docs\500.pdf 6162
C:\Users\Utilisateur\Desktop\Code\Projects\IA717_ClusteringSummary\tp_nlp\src\code\CreateCorpus\..\..\docfile\docs\505.html 5640
C:\Users\Utilisateur\Desktop\Code\Projects\IA717_ClusteringSummary\tp_nlp\src\code\CreateCorpus\..\..\docfile\docs\506.html 8065
C:\Users\Utilisateur\Desktop\Code\Projects\IA717_ClusteringSummary\tp_nlp\src\code\CreateCorpus\..\..\docfile\docs\507.pdf 4809
C:\Users\Utilisateur\Desktop\Code\Projects\IA717_ClusteringSummary\tp_nlp\src\code\CreateCorpus\..\..\docfile\docs\508.html 5276
C:\Users\Utilisateur\Desktop\Code\Projects\IA717_ClusteringSummary\tp_nlp\src\code\CreateCorpus\..\..\docfile\docs\51.pdf 280
C:\Users\Utilisateur\Desktop\Code\Projects\IA717_ClusteringSummary\tp_nlp\src\code\CreateCorpus\..\..\docfile\docs\510.html 3037
C:\Users\Utilisateur\Desktop\Code\Projects\IA717_ClusteringSummary\tp_nlp\src\code\CreateCorpus\..\..\docfile\docs\511.html 4823
C:\Users\Utilisateur\Desktop\Code\Projects\IA717_ClusteringSummary\tp_nlp\src\code\CreateCorpus\..\..\docfile\docs\512.html 3906
C:\Users\Utilisateur\Desktop\Code\Projects\IA717_ClusteringSummary\tp_nlp\src\code\CreateCorpus\..\..\docfile\docs\513.html 4317
C:\Users\Utilisateur\Desktop\Code\Projects\IA717_ClusteringSummary\tp_nlp\src\code\CreateCorpus\..\..\docfile\docs\517.html 7020
C:\Users\Utilisateur\Desktop\Code\Projects\IA717_ClusteringSummary\tp_nlp\src\code\CreateCorpus\..\..\docfile\docs\52.pdf 297
C:\Users\Utilisateur\Desktop\Code\Projects\IA717_ClusteringSummary\tp_nlp\src\code\CreateCorpus\..\..\docfile\docs\521.html 4909
C:\Users\Utilisateur\Desktop\Code\Projects\IA717_ClusteringSummary\tp_nlp\src\code\CreateCorpus\..\..\docfile\docs\523.pdf 2202
C:\Users\Utilisateur\Desktop\Code\Projects\IA717_ClusteringSummary\tp_nlp\src\code\CreateCorpus\..\..\docfile\docs\528.pdf 2503
C:\Users\Utilisateur\Desktop\Code\Projects\IA717_ClusteringSummary\tp_nlp\src\code\CreateCorpus\..\..\docfile\docs\53.pdf 428
C:\Users\Utilisateur\Desktop\Code\Projects\IA717_ClusteringSummary\tp_nlp\src\code\CreateCorpus\..\..\docfile\docs\532.pdf 3675
C:\Users\Utilisateur\Desktop\Code\Projects\IA717_ClusteringSummary\tp_nlp\src\code\CreateCorpus\..\..\docfile\docs\533.pdf 2296
C:\Users\Utilisateur\Desktop\Code\Projects\IA717_ClusteringSummary\tp_nlp\src\code\CreateCorpus\..\..\docfile\docs\539.html 4001
C:\Users\Utilisateur\Desktop\Code\Projects\IA717_ClusteringSummary\tp_nlp\src\code\CreateCorpus\..\..\docfile\docs\540.pdf 1642
C:\Users\Utilisateur\Desktop\Code\Projects\IA717_ClusteringSummary\tp_nlp\src\code\CreateCorpus\..\..\docfile\docs\544.html 2812
C:\Users\Utilisateur\Desktop\Code\Projects\IA717_ClusteringSummary\tp_nlp\src\code\CreateCorpus\..\..\docfile\docs\545.pdf 2812
C:\Users\Utilisateur\Desktop\Code\Projects\IA717_ClusteringSummary\tp_nlp\src\code\CreateCorpus\..\..\docfile\docs\55.pdf 433
C:\Users\Utilisateur\Desktop\Code\Projects\IA717_ClusteringSummary\tp_nlp\src\code\CreateCorpus\..\..\docfile\docs\551.pdf 1071
C:\Users\Utilisateur\Desktop\Code\Projects\IA717_ClusteringSummary\tp_nlp\src\code\CreateCorpus\..\..\docfile\docs\553.pdf 2377
C:\Users\Utilisateur\Desktop\Code\Projects\IA717_ClusteringSummary\tp_nlp\src\code\CreateCorpus\..\..\docfile\docs\556.pdf 517
C:\Users\Utilisateur\Desktop\Code\Projects\IA717_ClusteringSummary\tp_nlp\src\code\CreateCorpus\..\..\docfile\docs\557.pdf 3216
C:\Users\Utilisateur\Desktop\Code\Projects\IA717_ClusteringSummary\tp_nlp\src\code\CreateCorpus\..\..\docfile\docs\559.pdf 2991
C:\Users\Utilisateur\Desktop\Code\Projects\IA717_ClusteringSummary\tp_nlp\src\code\CreateCorpus\..\..\docfile\docs\560.pdf 3448
C:\Users\Utilisateur\Desktop\Code\Projects\IA717_ClusteringSummary\tp_nlp\src\code\CreateCorpus\..\..\docfile\docs\561.pdf 799
C:\Users\Utilisateur\Desktop\Code\Projects\IA717_ClusteringSummary\tp_nlp\src\code\CreateCorpus\..\..\docfile\docs\562.pdf 280
C:\Users\Utilisateur\Desktop\Code\Projects\IA717_ClusteringSummary\tp_nlp\src\code\CreateCorpus\..\..\docfile\docs\57.pdf 8251
C:\Users\Utilisateur\Desktop\Code\Projects\IA717_ClusteringSummary\tp_nlp\src\code\CreateCorpus\..\..\docfile\docs\575.pdf 1955
C:\Users\Utilisateur\Desktop\Code\Projects\IA717_ClusteringSummary\tp_nlp\src\code\CreateCorpus\..\..\docfile\docs\576.html 1955
C:\Users\Utilisateur\Desktop\Code\Projects\IA717_ClusteringSummary\tp_nlp\src\code\CreateCorpus\..\..\docfile\docs\579.pdf 5318
C:\Users\Utilisateur\Desktop\Code\Projects\IA717_ClusteringSummary\tp_nlp\src\code\CreateCorpus\..\..\docfile\docs\580.pdf 4500
C:\Users\Utilisateur\Desktop\Code\Projects\IA717_ClusteringSummary\tp_nlp\src\code\CreateCorpus\..\..\docfile\docs\581.pdf 2281
C:\Users\Utilisateur\Desktop\Code\Projects\IA717_ClusteringSummary\tp_nlp\src\code\CreateCorpus\..\..\docfile\docs\584.pdf 16235
C:\Users\Utilisateur\Desktop\Code\Projects\IA717_ClusteringSummary\tp_nlp\src\code\CreateCorpus\..\..\docfile\docs\587.pdf 413
C:\Users\Utilisateur\Desktop\Code\Projects\IA717_ClusteringSummary\tp_nlp\src\code\CreateCorpus\..\..\docfile\docs\589.html 10346
C:\Users\Utilisateur\Desktop\Code\Projects\IA717_ClusteringSummary\tp_nlp\src\code\CreateCorpus\..\..\docfile\docs\59.html 4764
C:\Users\Utilisateur\Desktop\Code\Projects\IA717_ClusteringSummary\tp_nlp\src\code\CreateCorpus\..\..\docfile\docs\590.pdf 3096
C:\Users\Utilisateur\Desktop\Code\Projects\IA717_ClusteringSummary\tp_nlp\src\code\CreateCorpus\..\..\docfile\docs\591.pdf 2248
C:\Users\Utilisateur\Desktop\Code\Projects\IA717_ClusteringSummary\tp_nlp\src\code\CreateCorpus\..\..\docfile\docs\593.html 5078
C:\Users\Utilisateur\Desktop\Code\Projects\IA717_ClusteringSummary\tp_nlp\src\code\CreateCorpus\..\..\docfile\docs\596.pdf 446
C:\Users\Utilisateur\Desktop\Code\Projects\IA717_ClusteringSummary\tp_nlp\src\code\CreateCorpus\..\..\docfile\docs\597.pdf 423
C:\Users\Utilisateur\Desktop\Code\Projects\IA717_ClusteringSummary\tp_nlp\src\code\CreateCorpus\..\..\docfile\docs\602.pdf 1373
C:\Users\Utilisateur\Desktop\Code\Projects\IA717_ClusteringSummary\tp_nlp\src\code\CreateCorpus\..\..\docfile\docs\604.html 11098
C:\Users\Utilisateur\Desktop\Code\Projects\IA717_ClusteringSummary\tp_nlp\src\code\CreateCorpus\..\..\docfile\docs\605.pdf 9601
C:\Users\Utilisateur\Desktop\Code\Projects\IA717_ClusteringSummary\tp_nlp\src\code\CreateCorpus\..\..\docfile\docs\606.pdf 4468
C:\Users\Utilisateur\Desktop\Code\Projects\IA717_ClusteringSummary\tp_nlp\src\code\CreateCorpus\..\..\docfile\docs\608.pdf 4102
C:\Users\Utilisateur\Desktop\Code\Projects\IA717_ClusteringSummary\tp_nlp\src\code\CreateCorpus\..\..\docfile\docs\609.html 4102
C:\Users\Utilisateur\Desktop\Code\Projects\IA717_ClusteringSummary\tp_nlp\src\code\CreateCorpus\..\..\docfile\docs\61.pdf 1942
C:\Users\Utilisateur\Desktop\Code\Projects\IA717_ClusteringSummary\tp_nlp\src\code\CreateCorpus\..\..\docfile\docs\610.pdf 1884
C:\Users\Utilisateur\Desktop\Code\Projects\IA717_ClusteringSummary\tp_nlp\src\code\CreateCorpus\..\..\docfile\docs\611.html 1884
C:\Users\Utilisateur\Desktop\Code\Projects\IA717_ClusteringSummary\tp_nlp\src\code\CreateCorpus\..\..\docfile\docs\612.pdf 3545
C:\Users\Utilisateur\Desktop\Code\Projects\IA717_ClusteringSummary\tp_nlp\src\code\CreateCorpus\..\..\docfile\docs\614.pdf 2225
C:\Users\Utilisateur\Desktop\Code\Projects\IA717_ClusteringSummary\tp_nlp\src\code\CreateCorpus\..\..\docfile\docs\615.pdf 1973
C:\Users\Utilisateur\Desktop\Code\Projects\IA717_ClusteringSummary\tp_nlp\src\code\CreateCorpus\..\..\docfile\docs\617.pdf 5583
C:\Users\Utilisateur\Desktop\Code\Projects\IA717_ClusteringSummary\tp_nlp\src\code\CreateCorpus\..\..\docfile\docs\618.pdf 1520
C:\Users\Utilisateur\Desktop\Code\Projects\IA717_ClusteringSummary\tp_nlp\src\code\CreateCorpus\..\..\docfile\docs\619.pdf 1693
C:\Users\Utilisateur\Desktop\Code\Projects\IA717_ClusteringSummary\tp_nlp\src\code\CreateCorpus\..\..\docfile\docs\62.pdf 6813
C:\Users\Utilisateur\Desktop\Code\Projects\IA717_ClusteringSummary\tp_nlp\src\code\CreateCorpus\..\..\docfile\docs\622.pdf 1844
C:\Users\Utilisateur\Desktop\Code\Projects\IA717_ClusteringSummary\tp_nlp\src\code\CreateCorpus\..\..\docfile\docs\626.pdf 1056
C:\Users\Utilisateur\Desktop\Code\Projects\IA717_ClusteringSummary\tp_nlp\src\code\CreateCorpus\..\..\docfile\docs\627.pdf 3760
C:\Users\Utilisateur\Desktop\Code\Projects\IA717_ClusteringSummary\tp_nlp\src\code\CreateCorpus\..\..\docfile\docs\629.pdf 3467
C:\Users\Utilisateur\Desktop\Code\Projects\IA717_ClusteringSummary\tp_nlp\src\code\CreateCorpus\..\..\docfile\docs\632.pdf 249
C:\Users\Utilisateur\Desktop\Code\Projects\IA717_ClusteringSummary\tp_nlp\src\code\CreateCorpus\..\..\docfile\docs\633.pdf 7785
C:\Users\Utilisateur\Desktop\Code\Projects\IA717_ClusteringSummary\tp_nlp\src\code\CreateCorpus\..\..\docfile\docs\634.pdf 7785
C:\Users\Utilisateur\Desktop\Code\Projects\IA717_ClusteringSummary\tp_nlp\src\code\CreateCorpus\..\..\docfile\docs\635.pdf 8039
C:\Users\Utilisateur\Desktop\Code\Projects\IA717_ClusteringSummary\tp_nlp\src\code\CreateCorpus\..\..\docfile\docs\636.html 8039
C:\Users\Utilisateur\Desktop\Code\Projects\IA717_ClusteringSummary\tp_nlp\src\code\CreateCorpus\..\..\docfile\docs\637.pdf 6219
C:\Users\Utilisateur\Desktop\Code\Projects\IA717_ClusteringSummary\tp_nlp\src\code\CreateCorpus\..\..\docfile\docs\638.pdf 25195
C:\Users\Utilisateur\Desktop\Code\Projects\IA717_ClusteringSummary\tp_nlp\src\code\CreateCorpus\..\..\docfile\docs\639.pdf 2862
C:\Users\Utilisateur\Desktop\Code\Projects\IA717_ClusteringSummary\tp_nlp\src\code\CreateCorpus\..\..\docfile\docs\64.pdf 3090
C:\Users\Utilisateur\Desktop\Code\Projects\IA717_ClusteringSummary\tp_nlp\src\code\CreateCorpus\..\..\docfile\docs\640.pdf 28
C:\Users\Utilisateur\Desktop\Code\Projects\IA717_ClusteringSummary\tp_nlp\src\code\CreateCorpus\..\..\docfile\docs\641.pdf 4866
C:\Users\Utilisateur\Desktop\Code\Projects\IA717_ClusteringSummary\tp_nlp\src\code\CreateCorpus\..\..\docfile\docs\653.pdf 5639
C:\Users\Utilisateur\Desktop\Code\Projects\IA717_ClusteringSummary\tp_nlp\src\code\CreateCorpus\..\..\docfile\docs\654.pdf 2599
ERR. NOT A RECOGNIZED FILETYPE: C:\Users\Utilisateur\Desktop\Code\Projects\IA717_ClusteringSummary\tp_nlp\src\code\CreateCorpus\..\..\docfile\docs\657.html, application/vnd.openxmlformats-officedocument.wordprocessingml.document.
C:\Users\Utilisateur\Desktop\Code\Projects\IA717_ClusteringSummary\tp_nlp\src\code\CreateCorpus\..\..\docfile\docs\658.pdf 3849
C:\Users\Utilisateur\Desktop\Code\Projects\IA717_ClusteringSummary\tp_nlp\src\code\CreateCorpus\..\..\docfile\docs\660.pdf 4321
C:\Users\Utilisateur\Desktop\Code\Projects\IA717_ClusteringSummary\tp_nlp\src\code\CreateCorpus\..\..\docfile\docs\661.pdf 2158
C:\Users\Utilisateur\Desktop\Code\Projects\IA717_ClusteringSummary\tp_nlp\src\code\CreateCorpus\..\..\docfile\docs\67.pdf 1097
C:\Users\Utilisateur\Desktop\Code\Projects\IA717_ClusteringSummary\tp_nlp\src\code\CreateCorpus\..\..\docfile\docs\678.pdf 3471
C:\Users\Utilisateur\Desktop\Code\Projects\IA717_ClusteringSummary\tp_nlp\src\code\CreateCorpus\..\..\docfile\docs\679.pdf 5588
C:\Users\Utilisateur\Desktop\Code\Projects\IA717_ClusteringSummary\tp_nlp\src\code\CreateCorpus\..\..\docfile\docs\68.pdf 1690
C:\Users\Utilisateur\Desktop\Code\Projects\IA717_ClusteringSummary\tp_nlp\src\code\CreateCorpus\..\..\docfile\docs\680.pdf 7306
C:\Users\Utilisateur\Desktop\Code\Projects\IA717_ClusteringSummary\tp_nlp\src\code\CreateCorpus\..\..\docfile\docs\682.pdf 4079
C:\Users\Utilisateur\Desktop\Code\Projects\IA717_ClusteringSummary\tp_nlp\src\code\CreateCorpus\..\..\docfile\docs\683.pdf 1706
C:\Users\Utilisateur\Desktop\Code\Projects\IA717_ClusteringSummary\tp_nlp\src\code\CreateCorpus\..\..\docfile\docs\686.pdf 1409
C:\Users\Utilisateur\Desktop\Code\Projects\IA717_ClusteringSummary\tp_nlp\src\code\CreateCorpus\..\..\docfile\docs\687.html 1409
C:\Users\Utilisateur\Desktop\Code\Projects\IA717_ClusteringSummary\tp_nlp\src\code\CreateCorpus\..\..\docfile\docs\689.pdf 10647
C:\Users\Utilisateur\Desktop\Code\Projects\IA717_ClusteringSummary\tp_nlp\src\code\CreateCorpus\..\..\docfile\docs\69.pdf 7824
C:\Users\Utilisateur\Desktop\Code\Projects\IA717_ClusteringSummary\tp_nlp\src\code\CreateCorpus\..\..\docfile\docs\690.pdf 3491
C:\Users\Utilisateur\Desktop\Code\Projects\IA717_ClusteringSummary\tp_nlp\src\code\CreateCorpus\..\..\docfile\docs\691.pdf 2790
C:\Users\Utilisateur\Desktop\Code\Projects\IA717_ClusteringSummary\tp_nlp\src\code\CreateCorpus\..\..\docfile\docs\693.pdf 1906
C:\Users\Utilisateur\Desktop\Code\Projects\IA717_ClusteringSummary\tp_nlp\src\code\CreateCorpus\..\..\docfile\docs\697.pdf 3016
C:\Users\Utilisateur\Desktop\Code\Projects\IA717_ClusteringSummary\tp_nlp\src\code\CreateCorpus\..\..\docfile\docs\698.pdf 3016
C:\Users\Utilisateur\Desktop\Code\Projects\IA717_ClusteringSummary\tp_nlp\src\code\CreateCorpus\..\..\docfile\docs\699.pdf 12055
C:\Users\Utilisateur\Desktop\Code\Projects\IA717_ClusteringSummary\tp_nlp\src\code\CreateCorpus\..\..\docfile\docs\701.pdf 11697
C:\Users\Utilisateur\Desktop\Code\Projects\IA717_ClusteringSummary\tp_nlp\src\code\CreateCorpus\..\..\docfile\docs\702.pdf 1811
C:\Users\Utilisateur\Desktop\Code\Projects\IA717_ClusteringSummary\tp_nlp\src\code\CreateCorpus\..\..\docfile\docs\704.pdf 24433
C:\Users\Utilisateur\Desktop\Code\Projects\IA717_ClusteringSummary\tp_nlp\src\code\CreateCorpus\..\..\docfile\docs\707.pdf 1180
C:\Users\Utilisateur\Desktop\Code\Projects\IA717_ClusteringSummary\tp_nlp\src\code\CreateCorpus\..\..\docfile\docs\711.pdf 663
C:\Users\Utilisateur\Desktop\Code\Projects\IA717_ClusteringSummary\tp_nlp\src\code\CreateCorpus\..\..\docfile\docs\715.pdf 1998
C:\Users\Utilisateur\Desktop\Code\Projects\IA717_ClusteringSummary\tp_nlp\src\code\CreateCorpus\..\..\docfile\docs\716.pdf 126
C:\Users\Utilisateur\Desktop\Code\Projects\IA717_ClusteringSummary\tp_nlp\src\code\CreateCorpus\..\..\docfile\docs\718.pdf 1263
C:\Users\Utilisateur\Desktop\Code\Projects\IA717_ClusteringSummary\tp_nlp\src\code\CreateCorpus\..\..\docfile\docs\719.pdf 4269
C:\Users\Utilisateur\Desktop\Code\Projects\IA717_ClusteringSummary\tp_nlp\src\code\CreateCorpus\..\..\docfile\docs\72.pdf 8923
C:\Users\Utilisateur\Desktop\Code\Projects\IA717_ClusteringSummary\tp_nlp\src\code\CreateCorpus\..\..\docfile\docs\720.pdf 4269
C:\Users\Utilisateur\Desktop\Code\Projects\IA717_ClusteringSummary\tp_nlp\src\code\CreateCorpus\..\..\docfile\docs\721.pdf 4269
C:\Users\Utilisateur\Desktop\Code\Projects\IA717_ClusteringSummary\tp_nlp\src\code\CreateCorpus\..\..\docfile\docs\722.pdf 4269
C:\Users\Utilisateur\Desktop\Code\Projects\IA717_ClusteringSummary\tp_nlp\src\code\CreateCorpus\..\..\docfile\docs\723.pdf 5381
C:\Users\Utilisateur\Desktop\Code\Projects\IA717_ClusteringSummary\tp_nlp\src\code\CreateCorpus\..\..\docfile\docs\724.pdf 5381
C:\Users\Utilisateur\Desktop\Code\Projects\IA717_ClusteringSummary\tp_nlp\src\code\CreateCorpus\..\..\docfile\docs\727.html 11004
C:\Users\Utilisateur\Desktop\Code\Projects\IA717_ClusteringSummary\tp_nlp\src\code\CreateCorpus\..\..\docfile\docs\728.pdf 6598
C:\Users\Utilisateur\Desktop\Code\Projects\IA717_ClusteringSummary\tp_nlp\src\code\CreateCorpus\..\..\docfile\docs\729.html 11004
C:\Users\Utilisateur\Desktop\Code\Projects\IA717_ClusteringSummary\tp_nlp\src\code\CreateCorpus\..\..\docfile\docs\73.pdf 4670
C:\Users\Utilisateur\Desktop\Code\Projects\IA717_ClusteringSummary\tp_nlp\src\code\CreateCorpus\..\..\docfile\docs\74.pdf 9390
C:\Users\Utilisateur\Desktop\Code\Projects\IA717_ClusteringSummary\tp_nlp\src\code\CreateCorpus\..\..\docfile\docs\76.pdf 4351
C:\Users\Utilisateur\Desktop\Code\Projects\IA717_ClusteringSummary\tp_nlp\src\code\CreateCorpus\..\..\docfile\docs\77.pdf 1796
C:\Users\Utilisateur\Desktop\Code\Projects\IA717_ClusteringSummary\tp_nlp\src\code\CreateCorpus\..\..\docfile\docs\79.pdf 1733
C:\Users\Utilisateur\Desktop\Code\Projects\IA717_ClusteringSummary\tp_nlp\src\code\CreateCorpus\..\..\docfile\docs\80.pdf 346
C:\Users\Utilisateur\Desktop\Code\Projects\IA717_ClusteringSummary\tp_nlp\src\code\CreateCorpus\..\..\docfile\docs\85.pdf 8945
C:\Users\Utilisateur\Desktop\Code\Projects\IA717_ClusteringSummary\tp_nlp\src\code\CreateCorpus\..\..\docfile\docs\87.pdf 10595
C:\Users\Utilisateur\Desktop\Code\Projects\IA717_ClusteringSummary\tp_nlp\src\code\CreateCorpus\..\..\docfile\docs\88.pdf 3403
C:\Users\Utilisateur\Desktop\Code\Projects\IA717_ClusteringSummary\tp_nlp\src\code\CreateCorpus\..\..\docfile\docs\89.html 1363
C:\Users\Utilisateur\Desktop\Code\Projects\IA717_ClusteringSummary\tp_nlp\src\code\CreateCorpus\..\..\docfile\docs\9.pdf 4005
C:\Users\Utilisateur\Desktop\Code\Projects\IA717_ClusteringSummary\tp_nlp\src\code\CreateCorpus\..\..\docfile\docs\90.html 1990
C:\Users\Utilisateur\Desktop\Code\Projects\IA717_ClusteringSummary\tp_nlp\src\code\CreateCorpus\..\..\docfile\docs\91.pdf 5504
C:\Users\Utilisateur\Desktop\Code\Projects\IA717_ClusteringSummary\tp_nlp\src\code\CreateCorpus\..\..\docfile\docs\94.pdf 1721
C:\Users\Utilisateur\Desktop\Code\Projects\IA717_ClusteringSummary\tp_nlp\src\code\CreateCorpus\..\..\docfile\docs\96.pdf 2965
C:\Users\Utilisateur\Desktop\Code\Projects\IA717_ClusteringSummary\tp_nlp\src\code\CreateCorpus\..\..\docfile\docs\97.pdf 2059
C:\Users\Utilisateur\Desktop\Code\Projects\IA717_ClusteringSummary\tp_nlp\src\code\CreateCorpus\..\..\docfile\docs\98.pdf 279
